2025.09.23 08:39:37 INFO  Started: Metals version 1.5.2 in folders '/home/maxharrison/uni/DD2443/DD2443_lab1' for client Neovim 0.10.2.[0m
2025.09.23 08:39:44 WARN  no build tool detected in workspace '/home/maxharrison/uni/DD2443/DD2443_lab1'. The most common cause for this problem is that the editor was opened in the wrong working directory, for example if you use sbt then the workspace directory should contain build.sbt. [0m
2025.09.23 08:39:44 WARN  Build server is not auto-connectable.[0m
2025.09.23 08:39:44 WARN  no build target for: /home/maxharrison/uni/DD2443/DD2443_lab1/lab2-skel/src/ExecutorServiceSort.java[0m
2025.09.23 08:39:47 INFO  no build target found for /home/maxharrison/uni/DD2443/DD2443_lab1/lab2-skel/src/ExecutorServiceSort.java. Using presentation compiler with project's scala-library version: 3.3.5[0m
2025.09.23 08:39:47 INFO  no build target found for /home/maxharrison/uni/DD2443/DD2443_lab1/lab2-skel/src/ExecutorServiceSort.java. Using presentation compiler with project's scala-library version: 3.3.5[0m
Sept 23, 2025 8:39:51 AM scala.meta.internal.pc.CompilerAccess handleError
SEVERE: A severe compiler error occurred, full details of the error can be found in the error report /home/maxharrison/uni/DD2443/DD2443_lab1/.metals/.reports/metals-full/2025-09-23/r_compiler-error_08-39-51-524.md
2025.09.23 08:40:02 INFO  Shutting down server[0m
2025.09.23 08:40:02 INFO  shutting down Metals[0m
2025.10.29 09:05:53 INFO  Started: Metals version 1.5.2 in folders '/home/maxharrison/uni/DD2443/DD2443_lab1' for client Neovim 0.10.2.[0m
2025.10.29 09:05:54 INFO  no build target found for /home/maxharrison/uni/DD2443/DD2443_lab1/lab3-skel/src/LockFreeSkipList.java. Using presentation compiler with project's scala-library version: 3.3.5[0m
2025.10.29 09:05:55 WARN  no build tool detected in workspace '/home/maxharrison/uni/DD2443/DD2443_lab1'. The most common cause for this problem is that the editor was opened in the wrong working directory, for example if you use sbt then the workspace directory should contain build.sbt. [0m
2025.10.29 09:05:55 WARN  Build server is not auto-connectable.[0m
2025.10.29 09:05:55 WARN  no build target for: /home/maxharrison/uni/DD2443/DD2443_lab1/lab3-skel/src/LockFreeSkipList.java[0m
2025.10.29 09:05:55 INFO  no build target found for /home/maxharrison/uni/DD2443/DD2443_lab1/lab3-skel/src/LockFreeSkipList.java. Using presentation compiler with project's scala-library version: 3.3.5[0m
2025.10.29 09:05:58 INFO  no build target found for /home/maxharrison/uni/DD2443/DD2443_lab1/lab3-skel/src/LockFreeSkipList.java. Using presentation compiler with project's scala-library version: 3.3.5[0m
Oct 29, 2025 9:05:58 AM scala.meta.internal.pc.CompilerAccess handleError
SEVERE: next on empty iterator
java.util.NoSuchElementException: next on empty iterator
	at scala.collection.Iterator$$anon$19.next(Iterator.scala:973)
	at scala.collection.Iterator$$anon$19.next(Iterator.scala:971)
	at scala.collection.mutable.MutationTracker$CheckedIterator.next(MutationTracker.scala:76)
	at scala.collection.IterableOps.head(Iterable.scala:222)
	at scala.collection.IterableOps.head$(Iterable.scala:222)
	at scala.collection.AbstractIterable.head(Iterable.scala:935)
	at dotty.tools.dotc.interactive.InteractiveDriver.run(InteractiveDriver.scala:164)
	at dotty.tools.pc.CachingDriver.run(CachingDriver.scala:45)
	at dotty.tools.pc.WithCompilationUnit.<init>(WithCompilationUnit.scala:31)
	at dotty.tools.pc.SimpleCollector.<init>(PcCollector.scala:351)
	at dotty.tools.pc.PcSemanticTokensProvider$Collector$.<init>(PcSemanticTokensProvider.scala:63)
	at dotty.tools.pc.PcSemanticTokensProvider.Collector$lzyINIT1(PcSemanticTokensProvider.scala:63)
	at dotty.tools.pc.PcSemanticTokensProvider.Collector(PcSemanticTokensProvider.scala:63)
	at dotty.tools.pc.PcSemanticTokensProvider.provide(PcSemanticTokensProvider.scala:88)
	at dotty.tools.pc.ScalaPresentationCompiler.semanticTokens$$anonfun$1(ScalaPresentationCompiler.scala:111)

Oct 29, 2025 9:05:58 AM scala.meta.internal.pc.CompilerAccess handleError
SEVERE: A severe compiler error occurred, full details of the error can be found in the error report /home/maxharrison/uni/DD2443/DD2443_lab1/.metals/.reports/metals-full/2025-10-29/r_compiler-error_09-05-58-847.md
2025.10.29 09:23:29 WARN  no build target for: /home/maxharrison/uni/DD2443/DD2443_lab1/lab3-skel/src/LockFreeSkipList.java[0m
2025.10.29 09:23:29 INFO  no build target found for /home/maxharrison/uni/DD2443/DD2443_lab1/lab3-skel/src/LockFreeSkipList.java. Using presentation compiler with project's scala-library version: 3.3.5[0m
Oct 29, 2025 9:23:29 AM scala.meta.internal.pc.CompilerAccess handleError
SEVERE: A severe compiler error occurred, full details of the error can be found in the error report /home/maxharrison/uni/DD2443/DD2443_lab1/.metals/.reports/metals-full/2025-10-29/r_compiler-error_09-23-29-711.md
2025.10.29 09:23:31 INFO  Shutting down server[0m
2025.10.29 09:23:31 INFO  shutting down Metals[0m
